<?xml version="1.0" encoding="UTF-8"?>
<!-- Generated by org.testng.reporters.JUnitReportReporter -->
<testsuite skipped="0" hostname="DESKTOP-DC5AICV" name="com.hoopshe.tests.pFiltertest" tests="3" failures="0" timestamp="29 Nov 2017 05:28:52 GMT" time="116.507" errors="0">
  <testcase name="filter" time="55.548" classname="com.hoopshe.tests.pFiltertest"/>
  <testcase name="loginTest" time="5.459" classname="com.hoopshe.tests.pFiltertest"/>
  <testcase name="filter" time="55.500" classname="com.hoopshe.tests.pFiltertest"/>
</testsuite> <!-- com.hoopshe.tests.pFiltertest -->
