<?xml version="1.0" encoding="UTF-8"?>
<!-- Generated by org.testng.reporters.JUnitReportReporter -->
<testsuite skipped="0" hostname="DESKTOP-DC5AICV" name="com.hoopshe.tests.newLoginpagetest" tests="5" failures="0" timestamp="29 Nov 2017 05:28:52 GMT" time="45.102" errors="0">
  <testcase name="loginTest" time="7.258" classname="com.hoopshe.tests.newLoginpagetest"/>
  <testcase name="loginTest" time="10.589" classname="com.hoopshe.tests.newLoginpagetest"/>
  <testcase name="loginTest" time="12.680" classname="com.hoopshe.tests.newLoginpagetest"/>
  <testcase name="loginTest" time="7.290" classname="com.hoopshe.tests.newLoginpagetest"/>
  <testcase name="loginTest" time="7.285" classname="com.hoopshe.tests.newLoginpagetest"/>
</testsuite> <!-- com.hoopshe.tests.newLoginpagetest -->
