<?xml version="1.0" encoding="UTF-8"?>
<!-- Generated by org.testng.reporters.JUnitReportReporter -->
<testsuite skipped="0" hostname="DESKTOP-DC5AICV" name="com.hoopshe.tests.Newlogintest" tests="1" failures="0" timestamp="27 Nov 2017 12:09:17 GMT" time="6.673" errors="0">
  <testcase name="loginTest" time="6.673" classname="com.hoopshe.tests.Newlogintest"/>
</testsuite> <!-- com.hoopshe.tests.Newlogintest -->
