<?xml version="1.0" encoding="UTF-8"?>
<!-- Generated by org.testng.reporters.JUnitReportReporter -->
<testsuite skipped="0" hostname="DESKTOP-DC5AICV" name="com.hoopshe.tests.productposttest" tests="6" failures="0" timestamp="29 Nov 2017 05:03:16 GMT" time="78.356" errors="0">
  <testcase name="posting" time="13.716" classname="com.hoopshe.tests.productposttest"/>
  <testcase name="posting" time="14.010" classname="com.hoopshe.tests.productposttest"/>
  <testcase name="loginTest" time="5.532" classname="com.hoopshe.tests.productposttest"/>
  <testcase name="posting" time="16.986" classname="com.hoopshe.tests.productposttest"/>
  <testcase name="posting" time="13.948" classname="com.hoopshe.tests.productposttest"/>
  <testcase name="posting" time="14.164" classname="com.hoopshe.tests.productposttest"/>
</testsuite> <!-- com.hoopshe.tests.productposttest -->
