<?xml version="1.0" encoding="UTF-8"?>
<!-- Generated by org.testng.reporters.JUnitReportReporter -->
<testsuite skipped="0" hostname="DESKTOP-DC5AICV" name="com.hoopshe.tests.Posting_test" tests="6" failures="0" timestamp="29 Nov 2017 05:28:52 GMT" time="154.920" errors="0">
  <testcase name="posting" time="28.928" classname="com.hoopshe.tests.Posting_test"/>
  <testcase name="posting" time="29.010" classname="com.hoopshe.tests.Posting_test"/>
  <testcase name="posting" time="26.589" classname="com.hoopshe.tests.Posting_test"/>
  <testcase name="posting" time="27.001" classname="com.hoopshe.tests.Posting_test"/>
  <testcase name="posting" time="37.898" classname="com.hoopshe.tests.Posting_test"/>
  <testcase name="loginTest" time="5.494" classname="com.hoopshe.tests.Posting_test"/>
</testsuite> <!-- com.hoopshe.tests.Posting_test -->
