<?xml version="1.0" encoding="UTF-8"?>
<!-- Generated by org.testng.reporters.JUnitReportReporter -->
<testsuite skipped="0" hostname="DESKTOP-DC5AICV" name="com.hoopshe.tests.Loginpagetest" tests="1" failures="0" timestamp="29 Nov 2017 05:28:52 GMT" time="10.360" errors="0">
  <testcase name="loginTest" time="10.360" classname="com.hoopshe.tests.Loginpagetest"/>
</testsuite> <!-- com.hoopshe.tests.Loginpagetest -->
