<?xml version="1.0" encoding="UTF-8"?>
<!-- Generated by org.testng.reporters.JUnitReportReporter -->
<testsuite skipped="8" hostname="DESKTOP-DC5AICV" name="com.hoopshe.tests.Sign_in" tests="8" failures="0" timestamp="29 Nov 2017 05:03:16 GMT" time="0.000" errors="0">
  <testcase name="loginTest" time="0.000" classname="com.hoopshe.tests.Sign_in">
    <skipped/>
  </testcase> <!-- loginTest -->
  <testcase name="loginTest" time="0.000" classname="com.hoopshe.tests.Sign_in">
    <skipped/>
  </testcase> <!-- loginTest -->
  <testcase name="loginTest" time="0.000" classname="com.hoopshe.tests.Sign_in">
    <skipped/>
  </testcase> <!-- loginTest -->
  <testcase name="loginTest" time="0.000" classname="com.hoopshe.tests.Sign_in">
    <skipped/>
  </testcase> <!-- loginTest -->
  <testcase name="loginTest" time="0.000" classname="com.hoopshe.tests.Sign_in">
    <skipped/>
  </testcase> <!-- loginTest -->
  <testcase name="loginTest" time="0.000" classname="com.hoopshe.tests.Sign_in">
    <skipped/>
  </testcase> <!-- loginTest -->
  <testcase name="loginTest" time="0.000" classname="com.hoopshe.tests.Sign_in">
    <skipped/>
  </testcase> <!-- loginTest -->
  <testcase name="loginTest" time="0.000" classname="com.hoopshe.tests.Sign_in">
    <skipped/>
  </testcase> <!-- loginTest -->
</testsuite> <!-- com.hoopshe.tests.Sign_in -->
