<?xml version="1.0" encoding="UTF-8"?>
<!-- Generated by org.testng.reporters.JUnitReportReporter -->
<testsuite skipped="0" hostname="DESKTOP-DC5AICV" name="com.hoopshe.tests.Premiumtest" tests="3" failures="0" timestamp="29 Nov 2017 05:28:52 GMT" time="117.155" errors="0">
  <testcase name="premium_posting" time="57.275" classname="com.hoopshe.tests.Premiumtest"/>
  <testcase name="premium_posting" time="54.389" classname="com.hoopshe.tests.Premiumtest"/>
  <testcase name="loginTest" time="5.491" classname="com.hoopshe.tests.Premiumtest"/>
</testsuite> <!-- com.hoopshe.tests.Premiumtest -->
