<?xml version="1.0" encoding="UTF-8"?>
<!-- Generated by org.testng.reporters.JUnitReportReporter -->
<testsuite skipped="0" hostname="DESKTOP-DC5AICV" name="com.hoopshe.tests.Sign_in_test" tests="8" failures="0" timestamp="29 Nov 2017 05:28:52 GMT" time="100.770" errors="0">
  <testcase name="loginTest" time="12.390" classname="com.hoopshe.tests.Sign_in_test"/>
  <testcase name="loginTest" time="12.670" classname="com.hoopshe.tests.Sign_in_test"/>
  <testcase name="loginTest" time="12.710" classname="com.hoopshe.tests.Sign_in_test"/>
  <testcase name="loginTest" time="12.572" classname="com.hoopshe.tests.Sign_in_test"/>
  <testcase name="loginTest" time="12.674" classname="com.hoopshe.tests.Sign_in_test"/>
  <testcase name="loginTest" time="12.591" classname="com.hoopshe.tests.Sign_in_test"/>
  <testcase name="loginTest" time="12.636" classname="com.hoopshe.tests.Sign_in_test"/>
  <testcase name="loginTest" time="12.527" classname="com.hoopshe.tests.Sign_in_test"/>
</testsuite> <!-- com.hoopshe.tests.Sign_in_test -->
