<?xml version="1.0" encoding="UTF-8"?>
<!-- Generated by org.testng.reporters.JUnitReportReporter -->
<testsuite skipped="0" hostname="DESKTOP-DC5AICV" name="com.hoopshe.tests.Postvarificationtest" tests="6" failures="0" timestamp="29 Nov 2017 05:28:52 GMT" time="85.667" errors="0">
  <testcase name="posting" time="24.306" classname="com.hoopshe.tests.Postvarificationtest"/>
  <testcase name="posting" time="15.982" classname="com.hoopshe.tests.Postvarificationtest"/>
  <testcase name="loginTest" time="5.489" classname="com.hoopshe.tests.Postvarificationtest"/>
  <testcase name="posting" time="12.337" classname="com.hoopshe.tests.Postvarificationtest"/>
  <testcase name="posting" time="10.857" classname="com.hoopshe.tests.Postvarificationtest"/>
  <testcase name="posting" time="16.696" classname="com.hoopshe.tests.Postvarificationtest"/>
</testsuite> <!-- com.hoopshe.tests.Postvarificationtest -->
